[debug] [2024-09-25T17:06:55.737Z] ----------------------------------------------------------------------
[debug] [2024-09-25T17:06:55.740Z] Command:       C:\Program Files\nodejs\node.exe C:\Users\Ibnu\AppData\Roaming\npm\node_modules\firebase-tools\lib\bin\firebase.js init
[debug] [2024-09-25T17:06:55.740Z] CLI Version:   13.19.0
[debug] [2024-09-25T17:06:55.740Z] Platform:      win32
[debug] [2024-09-25T17:06:55.741Z] Node Version:  v20.10.0
[debug] [2024-09-25T17:06:55.741Z] Time:          Thu Sep 26 2024 00:06:55 GMT+0700 (Indochina Time)
[debug] [2024-09-25T17:06:55.741Z] ----------------------------------------------------------------------
[debug] 
[debug] [2024-09-25T17:06:55.747Z] > command requires scopes: ["email","openid","https://www.googleapis.com/auth/cloudplatformprojects.readonly","https://www.googleapis.com/auth/firebase","https://www.googleapis.com/auth/cloud-platform"]
[debug] [2024-09-25T17:06:55.748Z] > authorizing via signed-in user (ibnuar21@students.amikom.ac.id)
[info] 
     ######## #### ########  ######## ########     ###     ######  ########
     ##        ##  ##     ## ##       ##     ##  ##   ##  ##       ##
     ######    ##  ########  ######   ########  #########  ######  ######
     ##        ##  ##    ##  ##       ##     ## ##     ##       ## ##
     ##       #### ##     ## ######## ########  ##     ##  ######  ########

You're about to initialize a Firebase project in this directory:

  D:\Kuliah\SKRIPSI\apotekmedikaprima\backend

[info] 
=== Project Setup
[info] 
[info] First, let's associate this project directory with a Firebase project.
[info] You can create multiple project aliases by running firebase use --add, 
[info] but for now we'll just set up a default project.
[info] 
